<?xml version="1.0" encoding="UTF-8"?>
<!-- Generated by org.testng.reporters.JUnitReportReporter -->
<testsuite hostname="Kamalrajs-MacBook.local" failures="0" tests="1" name="com.qa.test.SearchPageTest" time="17.579" errors="0" timestamp="2022-09-24T10:15:03 SAST" skipped="0">
  <testcase classname="com.qa.test.SearchPageTest" name="enteringtextTest" time="17.579"/>
  <system-out/>
</testsuite> <!-- com.qa.test.SearchPageTest -->
