<?xml version="1.0" encoding="UTF-8"?>
<!-- Generated by org.testng.reporters.JUnitReportReporter -->
<testsuite hostname="Kamalrajs-MacBook.local" failures="0" tests="1" name="com.qa.test.FocusPageTest" time="35.092" errors="0" timestamp="2022-09-25T15:48:05 SAST" skipped="0">
  <testcase classname="com.qa.test.FocusPageTest" name="signupTest" time="35.092"/>
  <system-out/>
</testsuite> <!-- com.qa.test.FocusPageTest -->
